2025-10-14 11:40:36,443 - config.settings - INFO - ✅ FFmpeg найден: C:\Users\Honor\Downloads\Аханабдуле\ffmpeg.exe
2025-10-14 11:40:37,007 - core.network_manager - INFO - 🌐 Внешний IP: 46.147.70.29
2025-10-14 11:40:37,013 - __main__ - INFO - 🔧 Настройка окружения...
2025-10-14 11:40:37,014 - utils.system_checker - INFO - ✅ Python 3.13.7
2025-10-14 11:40:37,014 - utils.system_checker - INFO - ✅ FFmpeg найден: C:\Users\Honor\Downloads\Аханабдуле\ffmpeg.exe
2025-10-14 11:40:37,014 - utils.system_checker - INFO - ✅ MediaMTX найден: C:\Users\Honor\Downloads\Аханабдуле\mediamtx.exe
2025-10-14 11:40:37,015 - utils.system_checker - INFO - ✅ Библиотека flask доступна
2025-10-14 11:40:37,016 - utils.system_checker - INFO - ✅ Библиотека requests доступна
2025-10-14 11:40:37,016 - utils.system_checker - INFO - ✅ python: Доступен
2025-10-14 11:40:37,017 - utils.system_checker - INFO - ✅ ffmpeg: Доступен
2025-10-14 11:40:37,017 - utils.system_checker - INFO - ✅ mediamtx: Доступен
2025-10-14 11:40:37,017 - utils.system_checker - INFO - ✅ flask: Доступен
2025-10-14 11:40:37,018 - utils.system_checker - INFO - ✅ requests: Доступен
2025-10-14 11:40:37,018 - __main__ - INFO - 🛡️ Настройка доступа через брандмауэр Windows...
2025-10-14 11:40:37,027 - __main__ - INFO - 🛡️ Добавляем приложение в разрешенные программы брандмауэра...
2025-10-14 11:40:37,028 - core.firewall_prompt - INFO - 📁 Путь к приложению: C:\Users\Honor\AppData\Local\Programs\Python\Python313\python.exe
2025-10-14 11:40:37,115 - core.firewall_prompt - INFO - ℹ️ Правило для приложения уже существует в брандмауэре
2025-10-14 11:40:37,116 - __main__ - INFO - ✅ Приложение добавлено в разрешенные программы брандмауэра
2025-10-14 11:40:37,116 - __main__ - INFO - 📋 Если появится запрос от Защитника Windows, нажмите 'Разрешить доступ'
2025-10-14 11:40:37,117 - __main__ - INFO - 🔧 Настраиваем правила для портов...
2025-10-14 11:40:37,117 - __main__ - INFO - ℹ️ Для автоматической настройки правил портов запустите программу от имени администратора
2025-10-14 11:40:37,117 - __main__ - INFO - 📋 Вы можете настроить брандмауэр вручную через веб-интерфейс
2025-10-14 11:40:39,118 - utils.system_checker - INFO - ✅ Python 3.13.7
2025-10-14 11:40:39,119 - utils.system_checker - INFO - ✅ FFmpeg найден: C:\Users\Honor\Downloads\Аханабдуле\ffmpeg.exe
2025-10-14 11:40:39,121 - utils.system_checker - INFO - ✅ MediaMTX найден: C:\Users\Honor\Downloads\Аханабдуле\mediamtx.exe
2025-10-14 11:40:39,122 - __main__ - INFO - 🚀 Запуск сервисов...
2025-10-14 11:40:41,199 - config.settings - INFO - ✅ MediaMTX найден: C:\Users\Honor\Downloads\Аханабдуле\mediamtx.exe
2025-10-14 11:40:41,201 - core.stream_manager - INFO - 🗑️ Удален старый конфигурационный файл
2025-10-14 11:40:41,203 - core.stream_manager - INFO - ✅ Конфигурационный файл MediaMTX создан
2025-10-14 11:40:41,203 - core.stream_manager - INFO - 🔄 Запуск MediaMTX...
2025-10-14 11:40:41,204 - core.stream_manager - INFO - 📁 Путь к MediaMTX: C:\Users\Honor\Downloads\Аханабдуле\mediamtx.exe
2025-10-14 11:40:41,264 - core.stream_manager - INFO - MediaMTX: 2025/10/14 11:40:41 INF MediaMTX v1.9.2
2025-10-14 11:40:41,264 - core.stream_manager - INFO - MediaMTX: 2025/10/14 11:40:41 INF configuration loaded from C:\Users\Honor\Downloads\РђС…Р°РЅР°Р±РґСѓР»Рµ\mediamtx.yml
2025-10-14 11:40:41,266 - core.stream_manager - INFO - MediaMTX: 2025/10/14 11:40:41 INF [RTSP] listener opened on :8554 (TCP), :8000 (UDP/RTP), :8001 (UDP/RTCP)
2025-10-14 11:40:41,266 - core.stream_manager - INFO - MediaMTX: 2025/10/14 11:40:41 INF [RTMP] listener opened on :1935
2025-10-14 11:40:41,267 - core.stream_manager - INFO - MediaMTX: 2025/10/14 11:40:41 INF [HLS] listener opened on :8888
2025-10-14 11:40:41,267 - core.stream_manager - INFO - MediaMTX: 2025/10/14 11:40:41 INF [WebRTC] listener opened on :8889 (HTTP), :8189 (ICE/UDP)
2025-10-14 11:40:41,267 - core.stream_manager - INFO - MediaMTX: 2025/10/14 11:40:41 INF [SRT] listener opened on :8890 (UDP)
2025-10-14 11:40:41,268 - core.stream_manager - INFO - MediaMTX: 2025/10/14 11:40:41 INF [API] listener opened on :9997
2025-10-14 11:40:44,209 - core.stream_manager - INFO - ✅ MediaMTX успешно запущен
2025-10-14 11:40:44,211 - web.app - INFO - 🌐 Запуск веб-сервера на 0.0.0.0:5000
2025-10-14 11:40:44,211 - web.app - INFO - ✅ Веб-интерфейс запущен
2025-10-14 11:40:44,212 - __main__ - INFO - 🌐 Веб-интерфейс доступен по адресу: http://localhost:5000
2025-10-14 11:40:44,212 - __main__ - INFO - 📹 RTSP поток будет доступен по адресу: rtsp://ваш-ip:8554/live/stream
2025-10-14 11:40:44,213 - __main__ - INFO - ⏹️  Для остановки нажмите Ctrl+C
2025-10-14 11:40:44,213 - __main__ - INFO - 
2025-10-14 11:40:44,235 - werkzeug - INFO - [31m[1mWARNING: This is a development server. Do not use it in a production deployment. Use a production WSGI server instead.[0m
 * Running on all addresses (0.0.0.0)
 * Running on http://127.0.0.1:5000
 * Running on http://192.168.0.4:5000
2025-10-14 11:40:44,235 - werkzeug - INFO - [33mPress CTRL+C to quit[0m
2025-10-14 11:43:10,837 - config.settings - INFO - ✅ FFmpeg найден: C:\Users\Honor\Downloads\Аханабдуле\ffmpeg.exe
2025-10-14 11:43:11,391 - core.network_manager - INFO - 🌐 Внешний IP: 46.147.70.29
2025-10-14 11:43:11,399 - __main__ - INFO - 🔧 Настройка окружения...
2025-10-14 11:43:11,399 - utils.system_checker - INFO - ✅ Python 3.13.7
2025-10-14 11:43:11,400 - utils.system_checker - INFO - ✅ FFmpeg найден: C:\Users\Honor\Downloads\Аханабдуле\ffmpeg.exe
2025-10-14 11:43:11,400 - utils.system_checker - INFO - ✅ MediaMTX найден: C:\Users\Honor\Downloads\Аханабдуле\mediamtx.exe
2025-10-14 11:43:11,401 - utils.system_checker - INFO - ✅ Библиотека flask доступна
2025-10-14 11:43:11,401 - utils.system_checker - INFO - ✅ Библиотека requests доступна
2025-10-14 11:43:11,401 - utils.system_checker - INFO - ✅ python: Доступен
2025-10-14 11:43:11,402 - utils.system_checker - INFO - ✅ ffmpeg: Доступен
2025-10-14 11:43:11,402 - utils.system_checker - INFO - ✅ mediamtx: Доступен
2025-10-14 11:43:11,402 - utils.system_checker - INFO - ✅ flask: Доступен
2025-10-14 11:43:11,403 - utils.system_checker - INFO - ✅ requests: Доступен
2025-10-14 11:43:11,403 - __main__ - INFO - 🛡️ Настройка доступа через брандмауэр Windows...
2025-10-14 11:43:11,408 - __main__ - INFO - 🛡️ Добавляем приложение в разрешенные программы брандмауэра...
2025-10-14 11:43:11,409 - core.firewall_prompt - INFO - 📁 Путь к приложению: C:\Users\Honor\AppData\Local\Programs\Python\Python313\python.exe
2025-10-14 11:43:11,474 - core.firewall_prompt - INFO - ℹ️ Правило для приложения уже существует в брандмауэре
2025-10-14 11:43:11,474 - __main__ - INFO - ✅ Приложение добавлено в разрешенные программы брандмауэра
2025-10-14 11:43:11,476 - __main__ - INFO - 📋 Если появится запрос от Защитника Windows, нажмите 'Разрешить доступ'
2025-10-14 11:43:11,476 - __main__ - INFO - 🔧 Настраиваем правила для портов...
2025-10-14 11:43:11,476 - __main__ - INFO - ℹ️ Для автоматической настройки правил портов запустите программу от имени администратора
2025-10-14 11:43:11,477 - __main__ - INFO - 📋 Вы можете настроить брандмауэр вручную через веб-интерфейс
2025-10-14 11:43:13,478 - utils.system_checker - INFO - ✅ Python 3.13.7
2025-10-14 11:43:13,479 - utils.system_checker - INFO - ✅ FFmpeg найден: C:\Users\Honor\Downloads\Аханабдуле\ffmpeg.exe
2025-10-14 11:43:13,480 - utils.system_checker - INFO - ✅ MediaMTX найден: C:\Users\Honor\Downloads\Аханабдуле\mediamtx.exe
2025-10-14 11:43:13,481 - __main__ - INFO - 🚀 Запуск сервисов...
2025-10-14 11:43:15,538 - config.settings - INFO - ✅ MediaMTX найден: C:\Users\Honor\Downloads\Аханабдуле\mediamtx.exe
2025-10-14 11:43:15,540 - core.stream_manager - INFO - 🗑️ Удален старый конфигурационный файл
2025-10-14 11:43:15,543 - core.stream_manager - INFO - ✅ Конфигурационный файл MediaMTX создан
2025-10-14 11:43:15,544 - core.stream_manager - INFO - 🔄 Запуск MediaMTX...
2025-10-14 11:43:15,544 - core.stream_manager - INFO - 📁 Путь к MediaMTX: C:\Users\Honor\Downloads\Аханабдуле\mediamtx.exe
2025-10-14 11:43:15,594 - core.stream_manager - INFO - MediaMTX: 2025/10/14 11:43:15 INF MediaMTX v1.9.2
2025-10-14 11:43:15,594 - core.stream_manager - INFO - MediaMTX: 2025/10/14 11:43:15 INF configuration loaded from C:\Users\Honor\Downloads\РђС…Р°РЅР°Р±РґСѓР»Рµ\mediamtx.yml
2025-10-14 11:43:15,596 - core.stream_manager - INFO - MediaMTX: 2025/10/14 11:43:15 INF [RTSP] listener opened on :8554 (TCP), :8000 (UDP/RTP), :8001 (UDP/RTCP)
2025-10-14 11:43:15,596 - core.stream_manager - INFO - MediaMTX: 2025/10/14 11:43:15 INF [RTMP] listener opened on :1935
2025-10-14 11:43:15,596 - core.stream_manager - INFO - MediaMTX: 2025/10/14 11:43:15 INF [HLS] listener opened on :8888
2025-10-14 11:43:15,597 - core.stream_manager - INFO - MediaMTX: 2025/10/14 11:43:15 INF [WebRTC] listener opened on :8889 (HTTP), :8189 (ICE/UDP)
2025-10-14 11:43:15,597 - core.stream_manager - INFO - MediaMTX: 2025/10/14 11:43:15 INF [SRT] listener opened on :8890 (UDP)
2025-10-14 11:43:15,597 - core.stream_manager - INFO - MediaMTX: 2025/10/14 11:43:15 INF [API] listener opened on :9997
2025-10-14 11:43:18,550 - core.stream_manager - INFO - ✅ MediaMTX успешно запущен
2025-10-14 11:43:18,552 - web.app - INFO - 🌐 Запуск веб-сервера на 0.0.0.0:5000
2025-10-14 11:43:18,552 - web.app - INFO - ✅ Веб-интерфейс запущен
2025-10-14 11:43:18,554 - __main__ - INFO - 🌐 Веб-интерфейс доступен по адресу: http://localhost:5000
2025-10-14 11:43:18,554 - __main__ - INFO - 📹 RTSP поток будет доступен по адресу: rtsp://ваш-ip:8554/live/stream
2025-10-14 11:43:18,555 - __main__ - INFO - ⏹️  Для остановки нажмите Ctrl+C
2025-10-14 11:43:18,555 - __main__ - INFO - 
2025-10-14 11:43:18,570 - werkzeug - INFO - [31m[1mWARNING: This is a development server. Do not use it in a production deployment. Use a production WSGI server instead.[0m
 * Running on all addresses (0.0.0.0)
 * Running on http://127.0.0.1:5000
 * Running on http://192.168.0.4:5000
2025-10-14 11:43:18,570 - werkzeug - INFO - [33mPress CTRL+C to quit[0m
